Using pre-set license

 COMMAND LINE ARGUMENTS:
/Applications/Unity/Hub/Editor/2021.1.7f1/Unity.app/Contents/MacOS/Unity
-adb2
-batchMode
-noUpm
-name
AssetImportWorker0
-projectPath
/Users/jason/Documents/Base/GitHub/CovidCannon
-logFile
Logs/AssetImportWorker0.log
-srvPort
50793
Successfully changed project path to: /Users/jason/Documents/Base/GitHub/CovidCannon
/Users/jason/Documents/Base/GitHub/CovidCannon
Using Asset Import Pipeline V2.
Refreshing native plugins compatible for Editor in 130.42 ms, found 2 plugins.
Preloading 0 native plugins for Editor in 0.00 ms.
Initialize engine version: 2021.1.7f1 (d91830b65d9b)
[Subsystems] Discovering subsystems at path /Applications/Unity/Hub/Editor/2021.1.7f1/Unity.app/Contents/Resources/UnitySubsystems
[Subsystems] Discovering subsystems at path /Users/jason/Documents/Base/GitHub/CovidCannon/Assets
GfxDevice: creating device client; threaded=0; jobified=0
2021-10-08 12:10:41.311 Unity[3788:137539] Color LCD preferred device: Intel Iris Pro Graphics (low power)
2021-10-08 12:10:41.311 Unity[3788:137539] Metal devices available: 1
2021-10-08 12:10:41.311 Unity[3788:137539] 0: Intel Iris Pro Graphics (low power)
2021-10-08 12:10:41.312 Unity[3788:137539] Using device Intel Iris Pro Graphics (low power)
Initializing Metal device caps: Intel Iris Pro Graphics
Initialize mono
Mono path[0] = '/Applications/Unity/Hub/Editor/2021.1.7f1/Unity.app/Contents/Managed'
Mono path[1] = '/Applications/Unity/Hub/Editor/2021.1.7f1/Unity.app/Contents/MonoBleedingEdge/lib/mono/unityjit'
Mono config path = '/Applications/Unity/Hub/Editor/2021.1.7f1/Unity.app/Contents/MonoBleedingEdge/etc'
Using monoOptions --debugger-agent=transport=dt_socket,embedding=1,server=y,suspend=n,address=127.0.0.1:56788
Begin MonoManager ReloadAssembly
Registering precompiled unity dll's ...
Register platform support module: /Applications/Unity/Hub/Editor/2021.1.7f1/Unity.app/Contents/PlaybackEngines/MacStandaloneSupport/UnityEditor.OSXStandalone.Extensions.dll
Registered in 0.000721 seconds.
Native extension for OSXStandalone target not found
Refreshing native plugins compatible for Editor in 141.70 ms, found 2 plugins.
Preloading 0 native plugins for Editor in 0.00 ms.
Mono: successfully reloaded assembly
- Completed reload, in  3.395 seconds
Platform modules already initialized, skipping
Registering precompiled user dll's ...
Registered in 0.001625 seconds.
Begin MonoManager ReloadAssembly
Symbol file LoadedFromMemory doesn't match image /Users/jason/Documents/Base/GitHub/CovidCannon/Library/PackageCache/com.unity.visualscripting@1.6.1/Editor/VisualScripting.Core/Dependencies/YamlDotNet/Unity.VisualScripting.YamlDotNet.dll
Symbol file LoadedFromMemory doesn't match image /Users/jason/Documents/Base/GitHub/CovidCannon/Library/PackageCache/com.unity.visualscripting@1.6.1/Editor/VisualScripting.Core/Dependencies/DotNetZip/Unity.VisualScripting.IonicZip.dll
Native extension for OSXStandalone target not found
Refreshing native plugins compatible for Editor in 115.08 ms, found 2 plugins.
Preloading 0 native plugins for Editor in 0.00 ms.
Mono: successfully reloaded assembly
- Completed reload, in  1.838 seconds
Platform modules already initialized, skipping
========================================================================
Worker process is ready to serve import requests
Launching external process: /Applications/Unity/Hub/Editor/2021.1.7f1/Unity.app/Contents/Tools/UnityShaderCompiler
Launched and connected shader compiler UnityShaderCompiler after 0.02 seconds
Refreshing native plugins compatible for Editor in 1.33 ms, found 2 plugins.
Preloading 0 native plugins for Editor in 0.00 ms.
Unloading 3371 Unused Serialized files (Serialized files now loaded: 0)
System memory in use before: 202.7 MB.
System memory in use after: 202.7 MB.

Unloading 28 unused Assets to reduce memory usage. Loaded Objects now: 3824.
Total: 3.224760 ms (FindLiveObjects: 0.387876 ms CreateObjectMapping: 0.156431 ms MarkObjects: 2.522122 ms  DeleteObjects: 0.156947 ms)

========================================================================
Received Import Request.
  path: Assets/Cannon_V1 (1).png
  artifactKey: Guid(fdab06f12bd064b558fa253cda11a259) Importer(815301076,1909f56bfc062723c751e8b465ee728b)
Start importing Assets/Cannon_V1 (1).png using Guid(fdab06f12bd064b558fa253cda11a259) Importer(815301076,1909f56bfc062723c751e8b465ee728b)  -> (artifact id: '8c0a99d00e29597dc0756761e9837bce') in 1.439216 seconds 
========================================================================
Received Import Request.
  Time since last request: 55.237247 seconds.
  path: Assets/CannonController.cs
  artifactKey: Guid(b50435293d1b94394a3b3153eb96bab6) Importer(815301076,1909f56bfc062723c751e8b465ee728b)
Start importing Assets/CannonController.cs using Guid(b50435293d1b94394a3b3153eb96bab6) Importer(815301076,1909f56bfc062723c751e8b465ee728b)  -> (artifact id: 'b63e5c73f77348c258b6d26a378c47ea') in 0.565683 seconds 
========================================================================
Received Prepare
Registering precompiled user dll's ...
Registered in 0.003289 seconds.
Begin MonoManager ReloadAssembly
Symbol file LoadedFromMemory doesn't match image /Users/jason/Documents/Base/GitHub/CovidCannon/Library/PackageCache/com.unity.visualscripting@1.6.1/Editor/VisualScripting.Core/Dependencies/YamlDotNet/Unity.VisualScripting.YamlDotNet.dll
Symbol file LoadedFromMemory doesn't match image /Users/jason/Documents/Base/GitHub/CovidCannon/Library/PackageCache/com.unity.visualscripting@1.6.1/Editor/VisualScripting.Core/Dependencies/DotNetZip/Unity.VisualScripting.IonicZip.dll
Native extension for OSXStandalone target not found
Refreshing native plugins compatible for Editor in 0.74 ms, found 2 plugins.
Preloading 0 native plugins for Editor in 0.00 ms.
Mono: successfully reloaded assembly
- Completed reload, in  1.512 seconds
Platform modules already initialized, skipping
Refreshing native plugins compatible for Editor in 0.76 ms, found 2 plugins.
Preloading 0 native plugins for Editor in 0.00 ms.
Unloading 3368 Unused Serialized files (Serialized files now loaded: 0)
System memory in use before: 217.1 MB.
System memory in use after: 217.2 MB.

Unloading 16 unused Assets to reduce memory usage. Loaded Objects now: 3850.
Total: 3.496166 ms (FindLiveObjects: 0.404487 ms CreateObjectMapping: 0.254268 ms MarkObjects: 2.722809 ms  DeleteObjects: 0.113297 ms)

========================================================================
Received Import Request.
  Time since last request: 123.025757 seconds.
  path: Assets/CannonController.cs
  artifactKey: Guid(b50435293d1b94394a3b3153eb96bab6) Importer(815301076,1909f56bfc062723c751e8b465ee728b)
Start importing Assets/CannonController.cs using Guid(b50435293d1b94394a3b3153eb96bab6) Importer(815301076,1909f56bfc062723c751e8b465ee728b)  -> (artifact id: 'b9055b49fc8b9befca87c5eceaf69a06') in 0.012340 seconds 
========================================================================
Received Prepare
Registering precompiled user dll's ...
Registered in 0.002027 seconds.
Begin MonoManager ReloadAssembly
Symbol file LoadedFromMemory doesn't match image /Users/jason/Documents/Base/GitHub/CovidCannon/Library/PackageCache/com.unity.visualscripting@1.6.1/Editor/VisualScripting.Core/Dependencies/YamlDotNet/Unity.VisualScripting.YamlDotNet.dll
Symbol file LoadedFromMemory doesn't match image /Users/jason/Documents/Base/GitHub/CovidCannon/Library/PackageCache/com.unity.visualscripting@1.6.1/Editor/VisualScripting.Core/Dependencies/DotNetZip/Unity.VisualScripting.IonicZip.dll
Native extension for OSXStandalone target not found
Refreshing native plugins compatible for Editor in 1.23 ms, found 2 plugins.
Preloading 0 native plugins for Editor in 0.00 ms.
Mono: successfully reloaded assembly
- Completed reload, in  1.713 seconds
Platform modules already initialized, skipping
Refreshing native plugins compatible for Editor in 0.75 ms, found 2 plugins.
Preloading 0 native plugins for Editor in 0.00 ms.
Unloading 3367 Unused Serialized files (Serialized files now loaded: 0)
System memory in use before: 217.4 MB.
System memory in use after: 217.5 MB.

Unloading 16 unused Assets to reduce memory usage. Loaded Objects now: 3854.
Total: 3.965338 ms (FindLiveObjects: 0.483094 ms CreateObjectMapping: 0.414866 ms MarkObjects: 2.952599 ms  DeleteObjects: 0.113449 ms)

========================================================================
Received Prepare
Registering precompiled user dll's ...
Registered in 0.002713 seconds.
Begin MonoManager ReloadAssembly
Symbol file LoadedFromMemory doesn't match image /Users/jason/Documents/Base/GitHub/CovidCannon/Library/PackageCache/com.unity.visualscripting@1.6.1/Editor/VisualScripting.Core/Dependencies/YamlDotNet/Unity.VisualScripting.YamlDotNet.dll
Symbol file LoadedFromMemory doesn't match image /Users/jason/Documents/Base/GitHub/CovidCannon/Library/PackageCache/com.unity.visualscripting@1.6.1/Editor/VisualScripting.Core/Dependencies/DotNetZip/Unity.VisualScripting.IonicZip.dll
Native extension for OSXStandalone target not found
Refreshing native plugins compatible for Editor in 1.06 ms, found 2 plugins.
Preloading 0 native plugins for Editor in 0.00 ms.
Mono: successfully reloaded assembly
- Completed reload, in  2.342 seconds
Platform modules already initialized, skipping
Refreshing native plugins compatible for Editor in 1.08 ms, found 2 plugins.
Preloading 0 native plugins for Editor in 0.00 ms.
Unloading 3367 Unused Serialized files (Serialized files now loaded: 0)
System memory in use before: 217.6 MB.
System memory in use after: 217.8 MB.

Unloading 16 unused Assets to reduce memory usage. Loaded Objects now: 3858.
Total: 5.058773 ms (FindLiveObjects: 0.433767 ms CreateObjectMapping: 0.210417 ms MarkObjects: 4.240156 ms  DeleteObjects: 0.171041 ms)

========================================================================
Received Prepare
Registering precompiled user dll's ...
Registered in 0.003417 seconds.
Begin MonoManager ReloadAssembly
Symbol file LoadedFromMemory doesn't match image /Users/jason/Documents/Base/GitHub/CovidCannon/Library/PackageCache/com.unity.visualscripting@1.6.1/Editor/VisualScripting.Core/Dependencies/YamlDotNet/Unity.VisualScripting.YamlDotNet.dll
Symbol file LoadedFromMemory doesn't match image /Users/jason/Documents/Base/GitHub/CovidCannon/Library/PackageCache/com.unity.visualscripting@1.6.1/Editor/VisualScripting.Core/Dependencies/DotNetZip/Unity.VisualScripting.IonicZip.dll
Native extension for OSXStandalone target not found
Refreshing native plugins compatible for Editor in 0.68 ms, found 2 plugins.
Preloading 0 native plugins for Editor in 0.00 ms.
Mono: successfully reloaded assembly
- Completed reload, in  1.467 seconds
Platform modules already initialized, skipping
Refreshing native plugins compatible for Editor in 0.69 ms, found 2 plugins.
Preloading 0 native plugins for Editor in 0.00 ms.
Unloading 3367 Unused Serialized files (Serialized files now loaded: 0)
System memory in use before: 217.8 MB.
System memory in use after: 218.0 MB.

Unloading 16 unused Assets to reduce memory usage. Loaded Objects now: 3862.
Total: 3.221554 ms (FindLiveObjects: 0.282357 ms CreateObjectMapping: 0.141952 ms MarkObjects: 2.678381 ms  DeleteObjects: 0.117794 ms)

========================================================================
Received Prepare
Registering precompiled user dll's ...
Registered in 0.002351 seconds.
Begin MonoManager ReloadAssembly
Symbol file LoadedFromMemory doesn't match image /Users/jason/Documents/Base/GitHub/CovidCannon/Library/PackageCache/com.unity.visualscripting@1.6.1/Editor/VisualScripting.Core/Dependencies/YamlDotNet/Unity.VisualScripting.YamlDotNet.dll
Symbol file LoadedFromMemory doesn't match image /Users/jason/Documents/Base/GitHub/CovidCannon/Library/PackageCache/com.unity.visualscripting@1.6.1/Editor/VisualScripting.Core/Dependencies/DotNetZip/Unity.VisualScripting.IonicZip.dll
Native extension for OSXStandalone target not found
Refreshing native plugins compatible for Editor in 0.74 ms, found 2 plugins.
Preloading 0 native plugins for Editor in 0.00 ms.
Mono: successfully reloaded assembly
- Completed reload, in  1.580 seconds
Platform modules already initialized, skipping
Refreshing native plugins compatible for Editor in 0.77 ms, found 2 plugins.
Preloading 0 native plugins for Editor in 0.00 ms.
Unloading 3367 Unused Serialized files (Serialized files now loaded: 0)
System memory in use before: 218.1 MB.
System memory in use after: 218.2 MB.

Unloading 16 unused Assets to reduce memory usage. Loaded Objects now: 3866.
Total: 4.249837 ms (FindLiveObjects: 0.414240 ms CreateObjectMapping: 0.354825 ms MarkObjects: 3.355629 ms  DeleteObjects: 0.123930 ms)

========================================================================
Received Prepare
Registering precompiled user dll's ...
Registered in 0.004068 seconds.
Begin MonoManager ReloadAssembly
Symbol file LoadedFromMemory doesn't match image /Users/jason/Documents/Base/GitHub/CovidCannon/Library/PackageCache/com.unity.visualscripting@1.6.1/Editor/VisualScripting.Core/Dependencies/YamlDotNet/Unity.VisualScripting.YamlDotNet.dll
Symbol file LoadedFromMemory doesn't match image /Users/jason/Documents/Base/GitHub/CovidCannon/Library/PackageCache/com.unity.visualscripting@1.6.1/Editor/VisualScripting.Core/Dependencies/DotNetZip/Unity.VisualScripting.IonicZip.dll
Native extension for OSXStandalone target not found
Refreshing native plugins compatible for Editor in 0.73 ms, found 2 plugins.
Preloading 0 native plugins for Editor in 0.00 ms.
Mono: successfully reloaded assembly
- Completed reload, in  1.525 seconds
Platform modules already initialized, skipping
Refreshing native plugins compatible for Editor in 0.72 ms, found 2 plugins.
Preloading 0 native plugins for Editor in 0.00 ms.
Unloading 3367 Unused Serialized files (Serialized files now loaded: 0)
System memory in use before: 218.3 MB.
System memory in use after: 218.4 MB.

Unloading 16 unused Assets to reduce memory usage. Loaded Objects now: 3870.
Total: 4.226556 ms (FindLiveObjects: 0.388647 ms CreateObjectMapping: 0.336305 ms MarkObjects: 3.381455 ms  DeleteObjects: 0.118926 ms)

========================================================================
Received Prepare
Registering precompiled user dll's ...
Registered in 0.005799 seconds.
Begin MonoManager ReloadAssembly
Symbol file LoadedFromMemory doesn't match image /Users/jason/Documents/Base/GitHub/CovidCannon/Library/PackageCache/com.unity.visualscripting@1.6.1/Editor/VisualScripting.Core/Dependencies/YamlDotNet/Unity.VisualScripting.YamlDotNet.dll
Symbol file LoadedFromMemory doesn't match image /Users/jason/Documents/Base/GitHub/CovidCannon/Library/PackageCache/com.unity.visualscripting@1.6.1/Editor/VisualScripting.Core/Dependencies/DotNetZip/Unity.VisualScripting.IonicZip.dll
Native extension for OSXStandalone target not found
Refreshing native plugins compatible for Editor in 0.78 ms, found 2 plugins.
Preloading 0 native plugins for Editor in 0.00 ms.
Mono: successfully reloaded assembly
- Completed reload, in  1.903 seconds
Platform modules already initialized, skipping
Refreshing native plugins compatible for Editor in 0.67 ms, found 2 plugins.
Preloading 0 native plugins for Editor in 0.00 ms.
Unloading 3367 Unused Serialized files (Serialized files now loaded: 0)
System memory in use before: 218.6 MB.
System memory in use after: 218.7 MB.

Unloading 16 unused Assets to reduce memory usage. Loaded Objects now: 3874.
Total: 3.782297 ms (FindLiveObjects: 0.365969 ms CreateObjectMapping: 0.144459 ms MarkObjects: 2.435605 ms  DeleteObjects: 0.833508 ms)

