Using pre-set license
Built from '2021.1/staging' branch; Version is '2021.1.7f1 (d91830b65d9b) revision 14227504'; Using compiler version '192528614'; Build Type 'Release'
OS: 'Windows 10 Home; OS build 19042.1288; Version 2009; 64bit' Language: 'en' Physical Memory: 32542 MB
BatchMode: 1, IsHumanControllingUs: 0, StartBugReporterOnCrash: 0, Is64bit: 1, IsPro: 0

 COMMAND LINE ARGUMENTS:
C:\Program Files\Unity\Hub\Editor\2021.1.7f1\Editor\Unity.exe
-adb2
-batchMode
-noUpm
-name
AssetImportWorker0
-projectPath
C:/Base/GIT/CovidCannon/CovidCannon
-logFile
Logs/AssetImportWorker0.log
-srvPort
61481
Successfully changed project path to: C:/Base/GIT/CovidCannon/CovidCannon
C:/Base/GIT/CovidCannon/CovidCannon
Using Asset Import Pipeline V2.
Refreshing native plugins compatible for Editor in 77.30 ms, found 2 plugins.
Preloading 0 native plugins for Editor in 0.00 ms.
Initialize engine version: 2021.1.7f1 (d91830b65d9b)
[Subsystems] Discovering subsystems at path C:/Program Files/Unity/Hub/Editor/2021.1.7f1/Editor/Data/Resources/UnitySubsystems
[Subsystems] Discovering subsystems at path C:/Base/GIT/CovidCannon/CovidCannon/Assets
GfxDevice: creating device client; threaded=0; jobified=0
Direct3D:
    Version:  Direct3D 11.0 [level 11.1]
    Renderer: NVIDIA GeForce RTX 2070 SUPER (ID=0x1e84)
    Vendor:   NVIDIA
    VRAM:     8011 MB
    Driver:   27.21.14.6137
Initialize mono
Mono path[0] = 'C:/Program Files/Unity/Hub/Editor/2021.1.7f1/Editor/Data/Managed'
Mono path[1] = 'C:/Program Files/Unity/Hub/Editor/2021.1.7f1/Editor/Data/MonoBleedingEdge/lib/mono/unityjit'
Mono config path = 'C:/Program Files/Unity/Hub/Editor/2021.1.7f1/Editor/Data/MonoBleedingEdge/etc'
Using monoOptions --debugger-agent=transport=dt_socket,embedding=1,server=y,suspend=n,address=127.0.0.1:56560
Begin MonoManager ReloadAssembly
Registering precompiled unity dll's ...
Register platform support module: C:/Program Files/Unity/Hub/Editor/2021.1.7f1/Editor/Data/PlaybackEngines/WebGLSupport/UnityEditor.WebGL.Extensions.dll
Register platform support module: C:/Program Files/Unity/Hub/Editor/2021.1.7f1/Editor/Data/PlaybackEngines/WindowsStandaloneSupport/UnityEditor.WindowsStandalone.Extensions.dll
Registered in 0.002562 seconds.
Native extension for WindowsStandalone target not found
Native extension for WebGL target not found
Refreshing native plugins compatible for Editor in 76.51 ms, found 2 plugins.
Preloading 0 native plugins for Editor in 0.00 ms.
Mono: successfully reloaded assembly
- Completed reload, in  1.263 seconds
Platform modules already initialized, skipping
Registering precompiled user dll's ...
Registered in 0.003500 seconds.
Begin MonoManager ReloadAssembly
Symbol file LoadedFromMemory doesn't match image C:\Base\GIT\CovidCannon\CovidCannon\Library\PackageCache\com.unity.visualscripting@1.6.1\Editor\VisualScripting.Core\Dependencies\YamlDotNet\Unity.VisualScripting.YamlDotNet.dll
Symbol file LoadedFromMemory doesn't match image C:\Base\GIT\CovidCannon\CovidCannon\Library\PackageCache\com.unity.visualscripting@1.6.1\Editor\VisualScripting.Core\Dependencies\DotNetZip\Unity.VisualScripting.IonicZip.dll
Native extension for WindowsStandalone target not found
Native extension for WebGL target not found
Refreshing native plugins compatible for Editor in 77.52 ms, found 2 plugins.
Preloading 0 native plugins for Editor in 0.00 ms.
Mono: successfully reloaded assembly
- Completed reload, in  0.956 seconds
Platform modules already initialized, skipping
========================================================================
Worker process is ready to serve import requests
Launched and connected shader compiler UnityShaderCompiler.exe after 0.04 seconds
Refreshing native plugins compatible for Editor in 0.59 ms, found 2 plugins.
Preloading 0 native plugins for Editor in 0.00 ms.
Unloading 3377 Unused Serialized files (Serialized files now loaded: 0)
System memory in use before: 128.0 MB.
System memory in use after: 128.2 MB.

Unloading 23 unused Assets to reduce memory usage. Loaded Objects now: 3837.
Total: 2.170800 ms (FindLiveObjects: 0.239100 ms CreateObjectMapping: 0.181100 ms MarkObjects: 1.698000 ms  DeleteObjects: 0.051800 ms)

========================================================================
Received Import Request.
  path: Assets/Assets/New Piskel.png
  artifactKey: Guid(53b3ce80d3dae954083e81973a02e6f1) Importer(815301076,1909f56bfc062723c751e8b465ee728b)
Start importing Assets/Assets/New Piskel.png using Guid(53b3ce80d3dae954083e81973a02e6f1) Importer(815301076,1909f56bfc062723c751e8b465ee728b)  -> (artifact id: '4520454cc7a4d26f0b6ba2243d4479ff') in 0.106229 seconds 
========================================================================
Received Import Request.
  Time since last request: 42.491671 seconds.
  path: Assets/Assets/New Piskel.png
  artifactKey: Guid(53b3ce80d3dae954083e81973a02e6f1) Importer(815301076,1909f56bfc062723c751e8b465ee728b)
Start importing Assets/Assets/New Piskel.png using Guid(53b3ce80d3dae954083e81973a02e6f1) Importer(815301076,1909f56bfc062723c751e8b465ee728b)  -> (artifact id: '2152e57b4142accb53143a07bf404b53') in 0.006289 seconds 
========================================================================
Received Import Request.
  Time since last request: 17.046243 seconds.
  path: Assets/Assets/New Piskel.png
  artifactKey: Guid(53b3ce80d3dae954083e81973a02e6f1) Importer(815301076,1909f56bfc062723c751e8b465ee728b)
Start importing Assets/Assets/New Piskel.png using Guid(53b3ce80d3dae954083e81973a02e6f1) Importer(815301076,1909f56bfc062723c751e8b465ee728b)  -> (artifact id: 'ac34e9914665cfb0e3ac37022c6da26f') in 0.005320 seconds 
========================================================================
Received Import Request.
  Time since last request: 24.434310 seconds.
  path: Assets/Assets/New Piskel.png
  artifactKey: Guid(53b3ce80d3dae954083e81973a02e6f1) Importer(815301076,1909f56bfc062723c751e8b465ee728b)
Start importing Assets/Assets/New Piskel.png using Guid(53b3ce80d3dae954083e81973a02e6f1) Importer(815301076,1909f56bfc062723c751e8b465ee728b)  -> (artifact id: 'c65825e5f029abf67bfa6b985c3a7183') in 0.008252 seconds 
========================================================================
Received Import Request.
  Time since last request: 24.808771 seconds.
  path: Assets/Assets/New Piskel.png
  artifactKey: Guid(53b3ce80d3dae954083e81973a02e6f1) Importer(815301076,1909f56bfc062723c751e8b465ee728b)
Start importing Assets/Assets/New Piskel.png using Guid(53b3ce80d3dae954083e81973a02e6f1) Importer(815301076,1909f56bfc062723c751e8b465ee728b)  -> (artifact id: '0bf32963b207cffdecd8cbaa7e20c9c7') in 0.007018 seconds 
========================================================================
Received Prepare
Registering precompiled user dll's ...
Registered in 0.003707 seconds.
Begin MonoManager ReloadAssembly
Symbol file LoadedFromMemory doesn't match image C:\Base\GIT\CovidCannon\CovidCannon\Library\PackageCache\com.unity.visualscripting@1.6.1\Editor\VisualScripting.Core\Dependencies\YamlDotNet\Unity.VisualScripting.YamlDotNet.dll
Symbol file LoadedFromMemory doesn't match image C:\Base\GIT\CovidCannon\CovidCannon\Library\PackageCache\com.unity.visualscripting@1.6.1\Editor\VisualScripting.Core\Dependencies\DotNetZip\Unity.VisualScripting.IonicZip.dll
Native extension for WindowsStandalone target not found
Native extension for WebGL target not found
Refreshing native plugins compatible for Editor in 1.00 ms, found 2 plugins.
Preloading 0 native plugins for Editor in 0.00 ms.
Mono: successfully reloaded assembly
- Completed reload, in  0.809 seconds
Platform modules already initialized, skipping
Refreshing native plugins compatible for Editor in 0.53 ms, found 2 plugins.
Preloading 0 native plugins for Editor in 0.00 ms.
Unloading 3368 Unused Serialized files (Serialized files now loaded: 0)
System memory in use before: 133.2 MB.
System memory in use after: 133.4 MB.

Unloading 11 unused Assets to reduce memory usage. Loaded Objects now: 3920.
Total: 1.869100 ms (FindLiveObjects: 0.229300 ms CreateObjectMapping: 0.145200 ms MarkObjects: 1.477500 ms  DeleteObjects: 0.016200 ms)

========================================================================
Received Prepare
Registering precompiled user dll's ...
Registered in 0.003337 seconds.
Begin MonoManager ReloadAssembly
Symbol file LoadedFromMemory doesn't match image C:\Base\GIT\CovidCannon\CovidCannon\Library\PackageCache\com.unity.visualscripting@1.6.1\Editor\VisualScripting.Core\Dependencies\YamlDotNet\Unity.VisualScripting.YamlDotNet.dll
Symbol file LoadedFromMemory doesn't match image C:\Base\GIT\CovidCannon\CovidCannon\Library\PackageCache\com.unity.visualscripting@1.6.1\Editor\VisualScripting.Core\Dependencies\DotNetZip\Unity.VisualScripting.IonicZip.dll
Native extension for WindowsStandalone target not found
Native extension for WebGL target not found
Refreshing native plugins compatible for Editor in 0.56 ms, found 2 plugins.
Preloading 0 native plugins for Editor in 0.00 ms.
Mono: successfully reloaded assembly
- Completed reload, in  0.814 seconds
Platform modules already initialized, skipping
Refreshing native plugins compatible for Editor in 0.55 ms, found 2 plugins.
Preloading 0 native plugins for Editor in 0.00 ms.
Unloading 3367 Unused Serialized files (Serialized files now loaded: 0)
System memory in use before: 133.2 MB.
System memory in use after: 133.4 MB.

Unloading 11 unused Assets to reduce memory usage. Loaded Objects now: 3924.
Total: 2.968000 ms (FindLiveObjects: 0.609900 ms CreateObjectMapping: 0.296600 ms MarkObjects: 2.039800 ms  DeleteObjects: 0.020700 ms)

========================================================================
Received Prepare
Registering precompiled user dll's ...
Registered in 0.003896 seconds.
Begin MonoManager ReloadAssembly
Symbol file LoadedFromMemory doesn't match image C:\Base\GIT\CovidCannon\CovidCannon\Library\PackageCache\com.unity.visualscripting@1.6.1\Editor\VisualScripting.Core\Dependencies\YamlDotNet\Unity.VisualScripting.YamlDotNet.dll
Symbol file LoadedFromMemory doesn't match image C:\Base\GIT\CovidCannon\CovidCannon\Library\PackageCache\com.unity.visualscripting@1.6.1\Editor\VisualScripting.Core\Dependencies\DotNetZip\Unity.VisualScripting.IonicZip.dll
Native extension for WindowsStandalone target not found
Native extension for WebGL target not found
Refreshing native plugins compatible for Editor in 0.61 ms, found 2 plugins.
Preloading 0 native plugins for Editor in 0.00 ms.
Mono: successfully reloaded assembly
- Completed reload, in  0.823 seconds
Platform modules already initialized, skipping
Refreshing native plugins compatible for Editor in 0.56 ms, found 2 plugins.
Preloading 0 native plugins for Editor in 0.00 ms.
Unloading 3367 Unused Serialized files (Serialized files now loaded: 0)
System memory in use before: 133.2 MB.
System memory in use after: 133.5 MB.

Unloading 11 unused Assets to reduce memory usage. Loaded Objects now: 3928.
Total: 1.906900 ms (FindLiveObjects: 0.226300 ms CreateObjectMapping: 0.150100 ms MarkObjects: 1.516900 ms  DeleteObjects: 0.012700 ms)

AssetImportWorkerClient::OnTransportError - code=2 error=End of file
